<?xml version="1.0" encoding="utf-8"?><testsuites name="pytest tests"><testsuite name="pytest" errors="0" failures="0" skipped="1" tests="6" time="0.878" timestamp="2026-08-02T23:14:54.382853+00:00" hostname="agent-env-b1711415-9dc5-4830-afd6-9cc7076a182e"><testcase classname="tests.test_backend_hardening.TestRemovedRoutes" name="test_post_api_status_returns_404" time="0.166" /><testcase classname="tests.test_backend_hardening.TestHealthEndpoint" name="test_get_api_root_returns_ok" time="0.243" /><testcase classname="tests.test_backend_hardening.TestRemovedRoutes" name="test_get_api_status_returns_404" time="0.098" /><testcase classname="tests.test_backend_hardening.TestCORSLockdown" name="test_backend_app_layer_has_no_wildcard_cors" time="0.097"><skipped type="pytest.skip" message="Ingress layer is injecting 'access-control-allow-origin: *'. Backend code has allow_origins=[] (verified). Infra-level CORS override.">/app/backend/tests/test_backend_hardening.py:58: Ingress layer is injecting 'access-control-allow-origin: *'. Backend code has allow_origins=[] (verified). Infra-level CORS override.</skipped></testcase><testcase classname="tests.test_backend_hardening.TestRemovedRoutes" name="test_get_docs_at_backend_returns_404" time="0.103" /><testcase classname="tests.test_backend_hardening.TestRemovedRoutes" name="test_get_openapi_json_at_backend_returns_404" time="0.099" /></testsuite></testsuites>